<?xml version="1.0" encoding="UTF-8"?>
<Site BuildName="(empty)"
	BuildStamp="20250929-1621-Experimental"
	Name="(empty)"
	Generator="ctest-4.1.1"
	CompilerName=""
	CompilerVersion=""
	OSName="Windows"
	Hostname="Keith-Surface"
	OSRelease=" Personal"
	OSVersion=" (Build 26100)"
	OSPlatform="AMD64"
	Is64Bits="1"
	VendorString="GenuineIntel"
	VendorID="Intel Corporation"
	FamilyID="6"
	ModelID="14"
	ModelName=""
	ProcessorCacheSize="-1"
	NumberOfLogicalCPU="8"
	NumberOfPhysicalCPU="4"
	TotalVirtualMemory="13154"
	TotalPhysicalMemory="7778"
	LogicalProcessorsPerPhysical="2"
	ProcessorClockFrequency="1498"
	>
	<Testing>
		<StartDateTime>Sep 29 12:21 Eastern Daylight Time</StartDateTime>
		<StartTestTime>1759162885</StartTestTime>
		<TestList/>
		<EndDateTime>Sep 29 12:21 Eastern Daylight Time</EndDateTime>
		<EndTestTime>1759162885</EndTestTime>
		<ElapsedMinutes>0</ElapsedMinutes>
	</Testing>
</Site>
